This is pdfTeX, Version 3.1415926-1.40.10 (TeX Live 2009/Debian) (format=pdflatex 2013.9.22)  23 OCT 2013 17:07
entering extended mode
 %&-line parsing enabled.
**./docs/parser.tex
(./docs/parser.tex
LaTeX2e <2009/09/24>
Babel <v3.8l> and hyphenation patterns for english, usenglishmax, dumylang, noh
yphenation, loaded.
(/usr/share/texmf-texlive/tex/latex/base/article.cls
Document Class: article 2007/10/19 v1.4h Standard LaTeX document class
(/usr/share/texmf-texlive/tex/latex/base/size10.clo
File: size10.clo 2007/10/19 v1.4h Standard LaTeX file (size option)
)
\c@part=\count79
\c@section=\count80
\c@subsection=\count81
\c@subsubsection=\count82
\c@paragraph=\count83
\c@subparagraph=\count84
\c@figure=\count85
\c@table=\count86
\abovecaptionskip=\skip41
\belowcaptionskip=\skip42
\bibindent=\dimen102
)
(/usr/share/texmf/tex/plain/misc/noweb.sty
\nwmarginglue=\dimen103
\codehsize=\dimen104
\codemargin=\dimen105
\nwdefspace=\dimen106
\equivbox=\box26
LaTeX Font Info:    External font `cmex10' loaded for size
(Font)              <7> on input line 79.
LaTeX Font Info:    External font `cmex10' loaded for size
(Font)              <5> on input line 79.
\plusequivbox=\box27
\nwcodetopsep=\skip43
\nwcodepenalty=\count87
\nwbreakcodespace=\dimen107
\@original@textwidth=\dimen108
\nwcodecommentsep=\skip44
\@nwlopage=\count88
\@nwhipage=\count89
\@nwlosub=\count90
\@nwhisub=\count91
\@nwpagetemp=\count92
\@nwpagecount=\count93
\sub@page=\count94
\@nwalph@n=\count95
\nw@chunkcount=\count96
\@commacount=\count97
\nwix@counter=\count98
) (docs/parser.aux)
\openout1 = `parser.aux'.

LaTeX Font Info:    Checking defaults for OML/cmm/m/it on input line 1.
LaTeX Font Info:    ... okay on input line 1.
LaTeX Font Info:    Checking defaults for T1/cmr/m/n on input line 1.
LaTeX Font Info:    ... okay on input line 1.
LaTeX Font Info:    Checking defaults for OT1/cmr/m/n on input line 1.
LaTeX Font Info:    ... okay on input line 1.
LaTeX Font Info:    Checking defaults for OMS/cmsy/m/n on input line 1.
LaTeX Font Info:    ... okay on input line 1.
LaTeX Font Info:    Checking defaults for OMX/cmex/m/n on input line 1.
LaTeX Font Info:    ... okay on input line 1.
LaTeX Font Info:    Checking defaults for U/cmr/m/n on input line 1.
LaTeX Font Info:    ... okay on input line 1.
 [1{/var/lib/texmf/fonts/map/pdftex/updmap/pdftex.map}

] (docs/parser.aux) ) 
Here is how much of TeX's memory you used:
 481 strings out of 495061
 5708 string characters out of 1182621
 56523 words of memory out of 3000000
 3735 multiletter control sequences out of 15000+50000
 4154 words of font info for 16 fonts, out of 3000000 for 9000
 28 hyphenation exceptions out of 8191
 25i,5n,17p,418b,232s stack positions out of 5000i,500n,10000p,200000b,50000s
</usr/share/texmf-texlive/fonts/type1/public/amsfonts/cm/c
mr10.pfb></usr/share/texmf-texlive/fonts/type1/public/amsfonts/cm/cmsy10.pfb></
usr/share/texmf-texlive/fonts/type1/public/amsfonts/cm/cmti10.pfb></usr/share/t
exmf-texlive/fonts/type1/public/amsfonts/cm/cmtt10.pfb>
Output written on docs/parser.pdf (1 page, 53659 bytes).
PDF statistics:
 22 PDF objects out of 1000 (max. 8388607)
 0 named destinations out of 1000 (max. 500000)
 1 words of extra memory for PDF output out of 10000 (max. 10000000)

